Analysis & Synthesis report for praticaRAM4
Tue Oct  8 15:45:32 2024
Quartus Prime Version 21.1.0 Build 842 10/21/2021 SJ Lite Edition


---------------------
; Table of Contents ;
---------------------
  1. Legal Notice
  2. Analysis & Synthesis Summary
  3. Analysis & Synthesis Settings
  4. Parallel Compilation
  5. Analysis & Synthesis Source Files Read
  6. Analysis & Synthesis Resource Usage Summary
  7. Analysis & Synthesis Resource Utilization by Entity
  8. Analysis & Synthesis RAM Summary
  9. Analysis & Synthesis IP Cores Summary
 10. Registers Removed During Synthesis
 11. General Register Statistics
 12. Source assignments for ram32x4:inst2|altsyncram:altsyncram_component|altsyncram_krv3:auto_generated
 13. Parameter Settings for User Entity Instance: ram32x4:inst2|altsyncram:altsyncram_component
 14. altsyncram Parameter Settings by Entity Instance
 15. Post-Synthesis Netlist Statistics for Top Partition
 16. Elapsed Time Per Partition
 17. Analysis & Synthesis Messages



----------------
; Legal Notice ;
----------------
Copyright (C) 2021  Intel Corporation. All rights reserved.
Your use of Intel Corporation's design tools, logic functions 
and other software and tools, and any partner logic 
functions, and any output files from any of the foregoing 
(including device programming or simulation files), and any 
associated documentation or information are expressly subject 
to the terms and conditions of the Intel Program License 
Subscription Agreement, the Intel Quartus Prime License Agreement,
the Intel FPGA IP License Agreement, or other applicable license
agreement, including, without limitation, that your use is for
the sole purpose of programming logic devices manufactured by
Intel and sold by Intel or its authorized distributors.  Please
refer to the applicable agreement for further details, at
https://fpgasoftware.intel.com/eula.



+-------------------------------------------------------------------------------+
; Analysis & Synthesis Summary                                                  ;
+---------------------------------+---------------------------------------------+
; Analysis & Synthesis Status     ; Successful - Tue Oct  8 15:45:31 2024       ;
; Quartus Prime Version           ; 21.1.0 Build 842 10/21/2021 SJ Lite Edition ;
; Revision Name                   ; praticaRAM4                                 ;
; Top-level Entity Name           ; praticaRAM4                                 ;
; Family                          ; Cyclone V                                   ;
; Logic utilization (in ALMs)     ; N/A                                         ;
; Total registers                 ; 37                                          ;
; Total pins                      ; 54                                          ;
; Total virtual pins              ; 0                                           ;
; Total block memory bits         ; 128                                         ;
; Total DSP Blocks                ; 0                                           ;
; Total HSSI RX PCSs              ; 0                                           ;
; Total HSSI PMA RX Deserializers ; 0                                           ;
; Total HSSI TX PCSs              ; 0                                           ;
; Total HSSI PMA TX Serializers   ; 0                                           ;
; Total PLLs                      ; 0                                           ;
; Total DLLs                      ; 0                                           ;
+---------------------------------+---------------------------------------------+


+---------------------------------------------------------------------------------------------------------------------------+
; Analysis & Synthesis Settings                                                                                             ;
+---------------------------------------------------------------------------------+--------------------+--------------------+
; Option                                                                          ; Setting            ; Default Value      ;
+---------------------------------------------------------------------------------+--------------------+--------------------+
; Device                                                                          ; 5CEBA4F23C7        ;                    ;
; Top-level entity name                                                           ; praticaRAM4        ; praticaRAM4        ;
; Family name                                                                     ; Cyclone V          ; Cyclone V          ;
; Use smart compilation                                                           ; Off                ; Off                ;
; Enable parallel Assembler and Timing Analyzer during compilation                ; On                 ; On                 ;
; Enable compact report table                                                     ; Off                ; Off                ;
; Restructure Multiplexers                                                        ; Auto               ; Auto               ;
; MLAB Add Timing Constraints For Mixed-Port Feed-Through Mode Setting Don't Care ; Off                ; Off                ;
; Create Debugging Nodes for IP Cores                                             ; Off                ; Off                ;
; Preserve fewer node names                                                       ; On                 ; On                 ;
; Intel FPGA IP Evaluation Mode                                                   ; Enable             ; Enable             ;
; Verilog Version                                                                 ; Verilog_2001       ; Verilog_2001       ;
; VHDL Version                                                                    ; VHDL_1993          ; VHDL_1993          ;
; State Machine Processing                                                        ; Auto               ; Auto               ;
; Safe State Machine                                                              ; Off                ; Off                ;
; Extract Verilog State Machines                                                  ; On                 ; On                 ;
; Extract VHDL State Machines                                                     ; On                 ; On                 ;
; Ignore Verilog initial constructs                                               ; Off                ; Off                ;
; Iteration limit for constant Verilog loops                                      ; 5000               ; 5000               ;
; Iteration limit for non-constant Verilog loops                                  ; 250                ; 250                ;
; Add Pass-Through Logic to Inferred RAMs                                         ; On                 ; On                 ;
; Infer RAMs from Raw Logic                                                       ; On                 ; On                 ;
; Parallel Synthesis                                                              ; On                 ; On                 ;
; DSP Block Balancing                                                             ; Auto               ; Auto               ;
; NOT Gate Push-Back                                                              ; On                 ; On                 ;
; Power-Up Don't Care                                                             ; On                 ; On                 ;
; Remove Redundant Logic Cells                                                    ; Off                ; Off                ;
; Remove Duplicate Registers                                                      ; On                 ; On                 ;
; Ignore CARRY Buffers                                                            ; Off                ; Off                ;
; Ignore CASCADE Buffers                                                          ; Off                ; Off                ;
; Ignore GLOBAL Buffers                                                           ; Off                ; Off                ;
; Ignore ROW GLOBAL Buffers                                                       ; Off                ; Off                ;
; Ignore LCELL Buffers                                                            ; Off                ; Off                ;
; Ignore SOFT Buffers                                                             ; On                 ; On                 ;
; Limit AHDL Integers to 32 Bits                                                  ; Off                ; Off                ;
; Optimization Technique                                                          ; Balanced           ; Balanced           ;
; Carry Chain Length                                                              ; 70                 ; 70                 ;
; Auto Carry Chains                                                               ; On                 ; On                 ;
; Auto Open-Drain Pins                                                            ; On                 ; On                 ;
; Perform WYSIWYG Primitive Resynthesis                                           ; Off                ; Off                ;
; Auto ROM Replacement                                                            ; On                 ; On                 ;
; Auto RAM Replacement                                                            ; On                 ; On                 ;
; Auto DSP Block Replacement                                                      ; On                 ; On                 ;
; Auto Shift Register Replacement                                                 ; Auto               ; Auto               ;
; Allow Shift Register Merging across Hierarchies                                 ; Auto               ; Auto               ;
; Auto Clock Enable Replacement                                                   ; On                 ; On                 ;
; Strict RAM Replacement                                                          ; Off                ; Off                ;
; Allow Synchronous Control Signals                                               ; On                 ; On                 ;
; Force Use of Synchronous Clear Signals                                          ; Off                ; Off                ;
; Auto Resource Sharing                                                           ; Off                ; Off                ;
; Allow Any RAM Size For Recognition                                              ; Off                ; Off                ;
; Allow Any ROM Size For Recognition                                              ; Off                ; Off                ;
; Allow Any Shift Register Size For Recognition                                   ; Off                ; Off                ;
; Use LogicLock Constraints during Resource Balancing                             ; On                 ; On                 ;
; Ignore translate_off and synthesis_off directives                               ; Off                ; Off                ;
; Timing-Driven Synthesis                                                         ; On                 ; On                 ;
; Report Parameter Settings                                                       ; On                 ; On                 ;
; Report Source Assignments                                                       ; On                 ; On                 ;
; Report Connectivity Checks                                                      ; On                 ; On                 ;
; Ignore Maximum Fan-Out Assignments                                              ; Off                ; Off                ;
; Synchronization Register Chain Length                                           ; 3                  ; 3                  ;
; Power Optimization During Synthesis                                             ; Normal compilation ; Normal compilation ;
; HDL message level                                                               ; Level2             ; Level2             ;
; Suppress Register Optimization Related Messages                                 ; Off                ; Off                ;
; Number of Removed Registers Reported in Synthesis Report                        ; 5000               ; 5000               ;
; Number of Swept Nodes Reported in Synthesis Report                              ; 5000               ; 5000               ;
; Number of Inverted Registers Reported in Synthesis Report                       ; 100                ; 100                ;
; Clock MUX Protection                                                            ; On                 ; On                 ;
; Auto Gated Clock Conversion                                                     ; Off                ; Off                ;
; Block Design Naming                                                             ; Auto               ; Auto               ;
; SDC constraint protection                                                       ; Off                ; Off                ;
; Synthesis Effort                                                                ; Auto               ; Auto               ;
; Shift Register Replacement - Allow Asynchronous Clear Signal                    ; On                 ; On                 ;
; Pre-Mapping Resynthesis Optimization                                            ; Off                ; Off                ;
; Analysis & Synthesis Message Level                                              ; Medium             ; Medium             ;
; Disable Register Merging Across Hierarchies                                     ; Auto               ; Auto               ;
; Resource Aware Inference For Block RAM                                          ; On                 ; On                 ;
; Automatic Parallel Synthesis                                                    ; On                 ; On                 ;
; Partial Reconfiguration Bitstream ID                                            ; Off                ; Off                ;
+---------------------------------------------------------------------------------+--------------------+--------------------+


+------------------------------------------+
; Parallel Compilation                     ;
+----------------------------+-------------+
; Processors                 ; Number      ;
+----------------------------+-------------+
; Number detected on machine ; 4           ;
; Maximum allowed            ; 4           ;
;                            ;             ;
; Average used               ; 1.00        ;
; Maximum used               ; 4           ;
;                            ;             ;
; Usage by Processor         ; % Time Used ;
;     Processor 1            ; 100.0%      ;
;     Processors 2-4         ;   0.0%      ;
+----------------------------+-------------+


+----------------------------------------------------------------------------------------------------------------------------------------------------------------------------------+
; Analysis & Synthesis Source Files Read                                                                                                                                           ;
+----------------------------------+-----------------+------------------------------------+------------------------------------------------------------------------------+---------+
; File Name with User-Entered Path ; Used in Netlist ; File Type                          ; File Name with Absolute Path                                                 ; Library ;
+----------------------------------+-----------------+------------------------------------+------------------------------------------------------------------------------+---------+
; ram32x4.vhd                      ; yes             ; User Wizard-Generated File         ; C:/Users/13692334/Desktop/praticaRAM4/ram32x4.vhd                            ;         ;
; praticaRAM4.bdf                  ; yes             ; User Block Diagram/Schematic File  ; C:/Users/13692334/Desktop/praticaRAM4/praticaRAM4.bdf                        ;         ;
; display7seg.bdf                  ; yes             ; User Block Diagram/Schematic File  ; C:/Users/13692334/Desktop/praticaRAM4/display7seg.bdf                        ;         ;
; counter.vhd                      ; yes             ; User VHDL File                     ; C:/Users/13692334/Desktop/praticaRAM4/counter.vhd                            ;         ;
; ram32x4.mif                      ; yes             ; User Memory Initialization File    ; C:/Users/13692334/Desktop/praticaRAM4/ram32x4.mif                            ;         ;
; altsyncram.tdf                   ; yes             ; Megafunction                       ; c:/intelfpga_lite/21.1/quartus/libraries/megafunctions/altsyncram.tdf        ;         ;
; stratix_ram_block.inc            ; yes             ; Megafunction                       ; c:/intelfpga_lite/21.1/quartus/libraries/megafunctions/stratix_ram_block.inc ;         ;
; lpm_mux.inc                      ; yes             ; Megafunction                       ; c:/intelfpga_lite/21.1/quartus/libraries/megafunctions/lpm_mux.inc           ;         ;
; lpm_decode.inc                   ; yes             ; Megafunction                       ; c:/intelfpga_lite/21.1/quartus/libraries/megafunctions/lpm_decode.inc        ;         ;
; aglobal211.inc                   ; yes             ; Megafunction                       ; c:/intelfpga_lite/21.1/quartus/libraries/megafunctions/aglobal211.inc        ;         ;
; a_rdenreg.inc                    ; yes             ; Megafunction                       ; c:/intelfpga_lite/21.1/quartus/libraries/megafunctions/a_rdenreg.inc         ;         ;
; altrom.inc                       ; yes             ; Megafunction                       ; c:/intelfpga_lite/21.1/quartus/libraries/megafunctions/altrom.inc            ;         ;
; altram.inc                       ; yes             ; Megafunction                       ; c:/intelfpga_lite/21.1/quartus/libraries/megafunctions/altram.inc            ;         ;
; altdpram.inc                     ; yes             ; Megafunction                       ; c:/intelfpga_lite/21.1/quartus/libraries/megafunctions/altdpram.inc          ;         ;
; db/altsyncram_krv3.tdf           ; yes             ; Auto-Generated Megafunction        ; C:/Users/13692334/Desktop/praticaRAM4/db/altsyncram_krv3.tdf                 ;         ;
+----------------------------------+-----------------+------------------------------------+------------------------------------------------------------------------------+---------+


+----------------------------------------------------------------+
; Analysis & Synthesis Resource Usage Summary                    ;
+---------------------------------------------+------------------+
; Resource                                    ; Usage            ;
+---------------------------------------------+------------------+
; Estimate of Logic utilization (ALMs needed) ; 40               ;
;                                             ;                  ;
; Combinational ALUT usage for logic          ; 72               ;
;     -- 7 input functions                    ; 0                ;
;     -- 6 input functions                    ; 7                ;
;     -- 5 input functions                    ; 1                ;
;     -- 4 input functions                    ; 29               ;
;     -- <=3 input functions                  ; 35               ;
;                                             ;                  ;
; Dedicated logic registers                   ; 37               ;
;                                             ;                  ;
; I/O pins                                    ; 54               ;
; Total MLAB memory bits                      ; 0                ;
; Total block memory bits                     ; 128              ;
;                                             ;                  ;
; Total DSP Blocks                            ; 0                ;
;                                             ;                  ;
; Maximum fan-out node                        ; relogioclk~input ;
; Maximum fan-out                             ; 41               ;
; Total fan-out                               ; 518              ;
; Average fan-out                             ; 2.34             ;
+---------------------------------------------+------------------+


+---------------------------------------------------------------------------------------------------------------------------------------------------------------------------------------------------------------------------------------------------------------------------------+
; Analysis & Synthesis Resource Utilization by Entity                                                                                                                                                                                                                             ;
+-------------------------------------------+---------------------+---------------------------+-------------------+------------+------+--------------+-------------------------------------------------------------------------------------------+-----------------+--------------+
; Compilation Hierarchy Node                ; Combinational ALUTs ; Dedicated Logic Registers ; Block Memory Bits ; DSP Blocks ; Pins ; Virtual Pins ; Full Hierarchy Name                                                                       ; Entity Name     ; Library Name ;
+-------------------------------------------+---------------------+---------------------------+-------------------+------------+------+--------------+-------------------------------------------------------------------------------------------+-----------------+--------------+
; |praticaRAM4                              ; 72 (0)              ; 37 (0)                    ; 128               ; 0          ; 54   ; 0            ; |praticaRAM4                                                                              ; praticaRAM4     ; work         ;
;    |counter:inst18|                       ; 44 (44)             ; 37 (37)                   ; 0                 ; 0          ; 0    ; 0            ; |praticaRAM4|counter:inst18                                                               ; counter         ; work         ;
;    |display7seg:inst10|                   ; 7 (7)               ; 0 (0)                     ; 0                 ; 0          ; 0    ; 0            ; |praticaRAM4|display7seg:inst10                                                           ; display7seg     ; work         ;
;    |display7seg:inst11|                   ; 7 (7)               ; 0 (0)                     ; 0                 ; 0          ; 0    ; 0            ; |praticaRAM4|display7seg:inst11                                                           ; display7seg     ; work         ;
;    |display7seg:inst13|                   ; 7 (7)               ; 0 (0)                     ; 0                 ; 0          ; 0    ; 0            ; |praticaRAM4|display7seg:inst13                                                           ; display7seg     ; work         ;
;    |display7seg:inst22|                   ; 7 (7)               ; 0 (0)                     ; 0                 ; 0          ; 0    ; 0            ; |praticaRAM4|display7seg:inst22                                                           ; display7seg     ; work         ;
;    |ram32x4:inst2|                        ; 0 (0)               ; 0 (0)                     ; 128               ; 0          ; 0    ; 0            ; |praticaRAM4|ram32x4:inst2                                                                ; ram32x4         ; work         ;
;       |altsyncram:altsyncram_component|   ; 0 (0)               ; 0 (0)                     ; 128               ; 0          ; 0    ; 0            ; |praticaRAM4|ram32x4:inst2|altsyncram:altsyncram_component                                ; altsyncram      ; work         ;
;          |altsyncram_krv3:auto_generated| ; 0 (0)               ; 0 (0)                     ; 128               ; 0          ; 0    ; 0            ; |praticaRAM4|ram32x4:inst2|altsyncram:altsyncram_component|altsyncram_krv3:auto_generated ; altsyncram_krv3 ; work         ;
+-------------------------------------------+---------------------+---------------------------+-------------------+------------+------+--------------+-------------------------------------------------------------------------------------------+-----------------+--------------+
Note: For table entries with two numbers listed, the numbers in parentheses indicate the number of resources of the given type used by the specific entity alone. The numbers listed outside of parentheses indicate the total resources of the given type used by the specific entity and all of its sub-entities in the hierarchy.


+----------------------------------------------------------------------------------------------------------------------------------------------------------------------------------------------------------+
; Analysis & Synthesis RAM Summary                                                                                                                                                                         ;
+-----------------------------------------------------------------------------------------+------------+------------------+--------------+--------------+--------------+--------------+------+-------------+
; Name                                                                                    ; Type       ; Mode             ; Port A Depth ; Port A Width ; Port B Depth ; Port B Width ; Size ; MIF         ;
+-----------------------------------------------------------------------------------------+------------+------------------+--------------+--------------+--------------+--------------+------+-------------+
; ram32x4:inst2|altsyncram:altsyncram_component|altsyncram_krv3:auto_generated|ALTSYNCRAM ; M10K block ; Simple Dual Port ; 32           ; 4            ; 32           ; 4            ; 128  ; ram32X4.mif ;
+-----------------------------------------------------------------------------------------+------------+------------------+--------------+--------------+--------------+--------------+------+-------------+


+--------------------------------------------------------------------------------------------------------------+
; Analysis & Synthesis IP Cores Summary                                                                        ;
+--------+--------------+---------+--------------+--------------+----------------------------+-----------------+
; Vendor ; IP Core Name ; Version ; Release Date ; License Type ; Entity Instance            ; IP Include File ;
+--------+--------------+---------+--------------+--------------+----------------------------+-----------------+
; Altera ; RAM: 2-PORT  ; 21.1    ; N/A          ; N/A          ; |praticaRAM4|ram32x4:inst2 ; ram32x4.vhd     ;
+--------+--------------+---------+--------------+--------------+----------------------------+-----------------+


+---------------------------------------------------------------------------------+
; Registers Removed During Synthesis                                              ;
+----------------------------------------+----------------------------------------+
; Register name                          ; Reason for Removal                     ;
+----------------------------------------+----------------------------------------+
; counter:inst18|addr[5..31]             ; Stuck at GND due to stuck port data_in ;
; Total Number of Removed Registers = 27 ;                                        ;
+----------------------------------------+----------------------------------------+


+------------------------------------------------------+
; General Register Statistics                          ;
+----------------------------------------------+-------+
; Statistic                                    ; Value ;
+----------------------------------------------+-------+
; Total registers                              ; 37    ;
; Number of registers using Synchronous Clear  ; 32    ;
; Number of registers using Synchronous Load   ; 0     ;
; Number of registers using Asynchronous Clear ; 37    ;
; Number of registers using Asynchronous Load  ; 0     ;
; Number of registers using Clock Enable       ; 2     ;
; Number of registers using Preset             ; 0     ;
+----------------------------------------------+-------+


+-----------------------------------------------------------------------------------------------------+
; Source assignments for ram32x4:inst2|altsyncram:altsyncram_component|altsyncram_krv3:auto_generated ;
+---------------------------------+--------------------+------+---------------------------------------+
; Assignment                      ; Value              ; From ; To                                    ;
+---------------------------------+--------------------+------+---------------------------------------+
; OPTIMIZE_POWER_DURING_SYNTHESIS ; NORMAL_COMPILATION ; -    ; -                                     ;
+---------------------------------+--------------------+------+---------------------------------------+


+--------------------------------------------------------------------------------------------+
; Parameter Settings for User Entity Instance: ram32x4:inst2|altsyncram:altsyncram_component ;
+------------------------------------+----------------------+--------------------------------+
; Parameter Name                     ; Value                ; Type                           ;
+------------------------------------+----------------------+--------------------------------+
; BYTE_SIZE_BLOCK                    ; 8                    ; Untyped                        ;
; AUTO_CARRY_CHAINS                  ; ON                   ; AUTO_CARRY                     ;
; IGNORE_CARRY_BUFFERS               ; OFF                  ; IGNORE_CARRY                   ;
; AUTO_CASCADE_CHAINS                ; ON                   ; AUTO_CASCADE                   ;
; IGNORE_CASCADE_BUFFERS             ; OFF                  ; IGNORE_CASCADE                 ;
; WIDTH_BYTEENA                      ; 1                    ; Untyped                        ;
; OPERATION_MODE                     ; DUAL_PORT            ; Untyped                        ;
; WIDTH_A                            ; 4                    ; Signed Integer                 ;
; WIDTHAD_A                          ; 5                    ; Signed Integer                 ;
; NUMWORDS_A                         ; 32                   ; Signed Integer                 ;
; OUTDATA_REG_A                      ; UNREGISTERED         ; Untyped                        ;
; ADDRESS_ACLR_A                     ; NONE                 ; Untyped                        ;
; OUTDATA_ACLR_A                     ; NONE                 ; Untyped                        ;
; WRCONTROL_ACLR_A                   ; NONE                 ; Untyped                        ;
; INDATA_ACLR_A                      ; NONE                 ; Untyped                        ;
; BYTEENA_ACLR_A                     ; NONE                 ; Untyped                        ;
; WIDTH_B                            ; 4                    ; Signed Integer                 ;
; WIDTHAD_B                          ; 5                    ; Signed Integer                 ;
; NUMWORDS_B                         ; 32                   ; Signed Integer                 ;
; INDATA_REG_B                       ; CLOCK1               ; Untyped                        ;
; WRCONTROL_WRADDRESS_REG_B          ; CLOCK1               ; Untyped                        ;
; RDCONTROL_REG_B                    ; CLOCK1               ; Untyped                        ;
; ADDRESS_REG_B                      ; CLOCK0               ; Untyped                        ;
; OUTDATA_REG_B                      ; CLOCK0               ; Untyped                        ;
; BYTEENA_REG_B                      ; CLOCK1               ; Untyped                        ;
; INDATA_ACLR_B                      ; NONE                 ; Untyped                        ;
; WRCONTROL_ACLR_B                   ; NONE                 ; Untyped                        ;
; ADDRESS_ACLR_B                     ; NONE                 ; Untyped                        ;
; OUTDATA_ACLR_B                     ; NONE                 ; Untyped                        ;
; RDCONTROL_ACLR_B                   ; NONE                 ; Untyped                        ;
; BYTEENA_ACLR_B                     ; NONE                 ; Untyped                        ;
; WIDTH_BYTEENA_A                    ; 1                    ; Signed Integer                 ;
; WIDTH_BYTEENA_B                    ; 1                    ; Signed Integer                 ;
; RAM_BLOCK_TYPE                     ; M10K                 ; Untyped                        ;
; BYTE_SIZE                          ; 8                    ; Signed Integer                 ;
; READ_DURING_WRITE_MODE_MIXED_PORTS ; DONT_CARE            ; Untyped                        ;
; READ_DURING_WRITE_MODE_PORT_A      ; NEW_DATA_NO_NBE_READ ; Untyped                        ;
; READ_DURING_WRITE_MODE_PORT_B      ; NEW_DATA_NO_NBE_READ ; Untyped                        ;
; INIT_FILE                          ; ram32x4.mif          ; Untyped                        ;
; INIT_FILE_LAYOUT                   ; PORT_A               ; Untyped                        ;
; MAXIMUM_DEPTH                      ; 0                    ; Signed Integer                 ;
; CLOCK_ENABLE_INPUT_A               ; BYPASS               ; Untyped                        ;
; CLOCK_ENABLE_INPUT_B               ; BYPASS               ; Untyped                        ;
; CLOCK_ENABLE_OUTPUT_A              ; NORMAL               ; Untyped                        ;
; CLOCK_ENABLE_OUTPUT_B              ; BYPASS               ; Untyped                        ;
; CLOCK_ENABLE_CORE_A                ; USE_INPUT_CLKEN      ; Untyped                        ;
; CLOCK_ENABLE_CORE_B                ; USE_INPUT_CLKEN      ; Untyped                        ;
; ENABLE_ECC                         ; FALSE                ; Untyped                        ;
; ECC_PIPELINE_STAGE_ENABLED         ; FALSE                ; Untyped                        ;
; WIDTH_ECCSTATUS                    ; 3                    ; Signed Integer                 ;
; DEVICE_FAMILY                      ; Cyclone V            ; Untyped                        ;
; CBXI_PARAMETER                     ; altsyncram_krv3      ; Untyped                        ;
+------------------------------------+----------------------+--------------------------------+
Note: In order to hide this table in the UI and the text report file, please set the "Show Parameter Settings in Synthesis Report" option in "Analysis and Synthesis Settings -> More Settings" to "Off".


+-------------------------------------------------------------------------------------------+
; altsyncram Parameter Settings by Entity Instance                                          ;
+-------------------------------------------+-----------------------------------------------+
; Name                                      ; Value                                         ;
+-------------------------------------------+-----------------------------------------------+
; Number of entity instances                ; 1                                             ;
; Entity Instance                           ; ram32x4:inst2|altsyncram:altsyncram_component ;
;     -- OPERATION_MODE                     ; DUAL_PORT                                     ;
;     -- WIDTH_A                            ; 4                                             ;
;     -- NUMWORDS_A                         ; 32                                            ;
;     -- OUTDATA_REG_A                      ; UNREGISTERED                                  ;
;     -- WIDTH_B                            ; 4                                             ;
;     -- NUMWORDS_B                         ; 32                                            ;
;     -- ADDRESS_REG_B                      ; CLOCK0                                        ;
;     -- OUTDATA_REG_B                      ; CLOCK0                                        ;
;     -- RAM_BLOCK_TYPE                     ; M10K                                          ;
;     -- READ_DURING_WRITE_MODE_MIXED_PORTS ; DONT_CARE                                     ;
+-------------------------------------------+-----------------------------------------------+


+-----------------------------------------------------+
; Post-Synthesis Netlist Statistics for Top Partition ;
+-----------------------+-----------------------------+
; Type                  ; Count                       ;
+-----------------------+-----------------------------+
; arriav_ff             ; 37                          ;
;     CLR               ; 3                           ;
;     CLR SCLR          ; 32                          ;
;     ENA CLR           ; 2                           ;
; arriav_lcell_comb     ; 74                          ;
;     arith             ; 32                          ;
;         1 data inputs ; 32                          ;
;     normal            ; 42                          ;
;         0 data inputs ; 2                           ;
;         1 data inputs ; 1                           ;
;         2 data inputs ; 2                           ;
;         4 data inputs ; 29                          ;
;         5 data inputs ; 1                           ;
;         6 data inputs ; 7                           ;
; boundary_port         ; 54                          ;
; stratixv_ram_block    ; 4                           ;
;                       ;                             ;
; Max LUT depth         ; 4.10                        ;
; Average LUT depth     ; 2.46                        ;
+-----------------------+-----------------------------+


+-------------------------------+
; Elapsed Time Per Partition    ;
+----------------+--------------+
; Partition Name ; Elapsed Time ;
+----------------+--------------+
; Top            ; 00:00:00     ;
+----------------+--------------+


+-------------------------------+
; Analysis & Synthesis Messages ;
+-------------------------------+
Info: *******************************************************************
Info: Running Quartus Prime Analysis & Synthesis
    Info: Version 21.1.0 Build 842 10/21/2021 SJ Lite Edition
    Info: Processing started: Tue Oct  8 15:45:22 2024
Info: Command: quartus_map --read_settings_files=on --write_settings_files=off praticaRAM4 -c praticaRAM4
Warning (18236): Number of processors has not been specified which may cause overloading on shared machines.  Set the global assignment NUM_PARALLEL_PROCESSORS in your QSF to an appropriate value for best performance.
Info (20030): Parallel compilation is enabled and will use 4 of the 4 processors detected
Info (12021): Found 2 design units, including 1 entities, in source file ram32x4.vhd
    Info (12022): Found design unit 1: ram32x4-SYN File: C:/Users/13692334/Desktop/praticaRAM4/ram32x4.vhd Line: 56
    Info (12023): Found entity 1: ram32x4 File: C:/Users/13692334/Desktop/praticaRAM4/ram32x4.vhd Line: 43
Info (12021): Found 1 design units, including 1 entities, in source file praticaram4.bdf
    Info (12023): Found entity 1: praticaRAM4
Info (12021): Found 1 design units, including 1 entities, in source file display7seg.bdf
    Info (12023): Found entity 1: display7seg
Info (12021): Found 2 design units, including 1 entities, in source file counter.vhd
    Info (12022): Found design unit 1: counter-Behavioral File: C:/Users/13692334/Desktop/praticaRAM4/counter.vhd Line: 15
    Info (12023): Found entity 1: counter File: C:/Users/13692334/Desktop/praticaRAM4/counter.vhd Line: 7
Info (12127): Elaborating entity "praticaRAM4" for the top level hierarchy
Warning (275080): Converted elements in bus name "data" using legacy naming rules. Make any assignments on the new names, not on the original names.
    Warning (275081): Converted element name(s) from "data[0]" to "data0"
    Warning (275081): Converted element name(s) from "data[1]" to "data1"
    Warning (275081): Converted element name(s) from "data[2]" to "data2"
    Warning (275081): Converted element name(s) from "data[3]" to "data3"
    Warning (275081): Converted element name(s) from "data[3..0]" to "data3..0"
    Warning (275081): Converted element name(s) from "data[0]" to "data0"
    Warning (275081): Converted element name(s) from "data[1]" to "data1"
    Warning (275081): Converted element name(s) from "data[2]" to "data2"
    Warning (275081): Converted element name(s) from "data[3]" to "data3"
Info (12128): Elaborating entity "display7seg" for hierarchy "display7seg:inst22"
Info (12128): Elaborating entity "ram32x4" for hierarchy "ram32x4:inst2"
Info (12128): Elaborating entity "altsyncram" for hierarchy "ram32x4:inst2|altsyncram:altsyncram_component" File: C:/Users/13692334/Desktop/praticaRAM4/ram32x4.vhd Line: 63
Info (12130): Elaborated megafunction instantiation "ram32x4:inst2|altsyncram:altsyncram_component" File: C:/Users/13692334/Desktop/praticaRAM4/ram32x4.vhd Line: 63
Info (12133): Instantiated megafunction "ram32x4:inst2|altsyncram:altsyncram_component" with the following parameter: File: C:/Users/13692334/Desktop/praticaRAM4/ram32x4.vhd Line: 63
    Info (12134): Parameter "address_aclr_a" = "UNUSED"
    Info (12134): Parameter "address_aclr_b" = "NONE"
    Info (12134): Parameter "address_reg_b" = "CLOCK0"
    Info (12134): Parameter "byte_size" = "8"
    Info (12134): Parameter "byteena_aclr_a" = "UNUSED"
    Info (12134): Parameter "byteena_aclr_b" = "NONE"
    Info (12134): Parameter "byteena_reg_b" = "CLOCK1"
    Info (12134): Parameter "clock_enable_core_a" = "USE_INPUT_CLKEN"
    Info (12134): Parameter "clock_enable_core_b" = "USE_INPUT_CLKEN"
    Info (12134): Parameter "clock_enable_input_a" = "BYPASS"
    Info (12134): Parameter "clock_enable_input_b" = "BYPASS"
    Info (12134): Parameter "clock_enable_output_a" = "NORMAL"
    Info (12134): Parameter "clock_enable_output_b" = "BYPASS"
    Info (12134): Parameter "intended_device_family" = "Cyclone V"
    Info (12134): Parameter "ecc_pipeline_stage_enabled" = "FALSE"
    Info (12134): Parameter "enable_ecc" = "FALSE"
    Info (12134): Parameter "implement_in_les" = "OFF"
    Info (12134): Parameter "indata_aclr_a" = "UNUSED"
    Info (12134): Parameter "indata_aclr_b" = "NONE"
    Info (12134): Parameter "indata_reg_b" = "CLOCK1"
    Info (12134): Parameter "init_file" = "ram32x4.mif"
    Info (12134): Parameter "init_file_layout" = "PORT_A"
    Info (12134): Parameter "maximum_depth" = "0"
    Info (12134): Parameter "numwords_a" = "32"
    Info (12134): Parameter "numwords_b" = "32"
    Info (12134): Parameter "operation_mode" = "DUAL_PORT"
    Info (12134): Parameter "outdata_aclr_a" = "NONE"
    Info (12134): Parameter "outdata_aclr_b" = "NONE"
    Info (12134): Parameter "outdata_reg_a" = "UNREGISTERED"
    Info (12134): Parameter "outdata_reg_b" = "CLOCK0"
    Info (12134): Parameter "power_up_uninitialized" = "FALSE"
    Info (12134): Parameter "ram_block_type" = "M10K"
    Info (12134): Parameter "rdcontrol_aclr_b" = "NONE"
    Info (12134): Parameter "rdcontrol_reg_b" = "CLOCK1"
    Info (12134): Parameter "read_during_write_mode_mixed_ports" = "DONT_CARE"
    Info (12134): Parameter "read_during_write_mode_port_a" = "NEW_DATA_NO_NBE_READ"
    Info (12134): Parameter "read_during_write_mode_port_b" = "NEW_DATA_NO_NBE_READ"
    Info (12134): Parameter "stratixiv_m144k_allow_dual_clocks" = "ON"
    Info (12134): Parameter "width_a" = "4"
    Info (12134): Parameter "width_b" = "4"
    Info (12134): Parameter "width_byteena_a" = "1"
    Info (12134): Parameter "width_byteena_b" = "1"
    Info (12134): Parameter "width_eccstatus" = "3"
    Info (12134): Parameter "widthad_a" = "5"
    Info (12134): Parameter "widthad_b" = "5"
    Info (12134): Parameter "wrcontrol_aclr_a" = "UNUSED"
    Info (12134): Parameter "wrcontrol_aclr_b" = "NONE"
    Info (12134): Parameter "wrcontrol_wraddress_reg_b" = "CLOCK1"
    Info (12134): Parameter "lpm_hint" = "UNUSED"
    Info (12134): Parameter "lpm_type" = "altsyncram"
Info (12021): Found 1 design units, including 1 entities, in source file db/altsyncram_krv3.tdf
    Info (12023): Found entity 1: altsyncram_krv3 File: C:/Users/13692334/Desktop/praticaRAM4/db/altsyncram_krv3.tdf Line: 28
Info (12128): Elaborating entity "altsyncram_krv3" for hierarchy "ram32x4:inst2|altsyncram:altsyncram_component|altsyncram_krv3:auto_generated" File: c:/intelfpga_lite/21.1/quartus/libraries/megafunctions/altsyncram.tdf Line: 792
Info (12128): Elaborating entity "counter" for hierarchy "counter:inst18"
Warning (13024): Output pins are stuck at VCC or GND
    Warning (13410): Pin "ad8" is stuck at GND
    Warning (13410): Pin "ad9" is stuck at GND
    Warning (13410): Pin "ad13" is stuck at VCC
    Warning (13410): Pin "ad22" is stuck at GND
    Warning (13410): Pin "ad23" is stuck at GND
    Warning (13410): Pin "ad27" is stuck at VCC
Info (286030): Timing-Driven Synthesis is running
Info (16010): Generating hard_block partition "hard_block:auto_generated_inst"
    Info (16011): Adding 0 node(s), including 0 DDIO, 0 PLL, 0 transceiver and 0 LCELL
Info (21057): Implemented 130 device resources after synthesis - the final resource count might be different
    Info (21058): Implemented 12 input pins
    Info (21059): Implemented 42 output pins
    Info (21061): Implemented 72 logic cells
    Info (21064): Implemented 4 RAM segments
Info: Quartus Prime Analysis & Synthesis was successful. 0 errors, 18 warnings
    Info: Peak virtual memory: 4884 megabytes
    Info: Processing ended: Tue Oct  8 15:45:32 2024
    Info: Elapsed time: 00:00:10
    Info: Total CPU time (on all processors): 00:00:19


